<?xml version="1.0" encoding="UTF-8"?>
<testsuites name="TS-Web_Regession" time="119.315" tests="10" failures="1" errors="0">
   <testsuite name="TS-Web_Regession" tests="10" failures="1" errors="0" time="119.315" skipped="0" timestamp="2026-05-13T09:24:32.164Z" hostname="AVOWS - DESKTOP-GIJGKF8" id="Test Suites/TS-Web_Regession">
      <properties>
[...]
</properties>
      <testcase name="Test Cases/Web/TC-03-Register_Valid" time="17.807" classname="Test Cases/Web/TC-03-Register_Valid" status="PASSED">
         <system-out><![CDATA[13-05-2026T16:24:33 - [TEST_CASE][PASSED] - Test Cases/Web/TC-03-Register_Valid: Test Cases/Web/TC-03-Register_Valid

13-05-2026T16:24:33 - [TEST_STEP][PASSED] - openBrowser("https://parabank.parasoft.com"): Browser is opened with url: 'https://parabank.parasoft.com'

13-05-2026T16:24:34 - [MESSAGE][INFO] - Starting 'Chrome' driver

13-05-2026T16:24:34 - [MESSAGE][INFO] - Action delay is set to 0 milliseconds

13-05-2026T16:24:39 - [MESSAGE][PASSED] - Browser is opened with url: 'https://parabank.parasoft.com'

13-05-2026T16:24:39 - [TEST_STEP][PASSED] - click(findTestObject("Web/Register/link_register")): Object: 'Object Repository/Web/Register/link_register' is clicked on

13-05-2026T16:24:40 - [MESSAGE][PASSED] - Object: 'Object Repository/Web/Register/link_register' is clicked on

13-05-2026T16:24:40 - [TEST_STEP][PASSED] - setText(findTestObject("Web/Register/txt_firstname"), "haryadi"): Text 'haryadi' is set on object 'Object Repository/Web/Register/txt_firstname'

13-05-2026T16:24:41 - [MESSAGE][PASSED] - Text 'haryadi' is set on object 'Object Repository/Web/Register/txt_firstname'

13-05-2026T16:24:41 - [TEST_STEP][PASSED] - setText(findTestObject("Web/Register/txt_lastname"), "haryanto"): Text 'haryanto' is set on object 'Object Repository/Web/Register/txt_lastname'

13-05-2026T16:24:41 - [MESSAGE][PASSED] - Text 'haryanto' is set on object 'Object Repository/Web/Register/txt_lastname'

13-05-2026T16:24:41 - [TEST_STEP][PASSED] - setText(findTestObject("Web/Register/txt_address"), "terin 1"): Text 'terin 1' is set on object 'Object Repository/Web/Register/txt_address'

13-05-2026T16:24:42 - [MESSAGE][PASSED] - Text 'terin 1' is set on object 'Object Repository/Web/Register/txt_address'

13-05-2026T16:24:42 - [TEST_STEP][PASSED] - setText(findTestObject("Web/Register/txt_city"), "Depok"): Text 'Depok' is set on object 'Object Repository/Web/Register/txt_city'

13-05-2026T16:24:43 - [MESSAGE][PASSED] - Text 'Depok' is set on object 'Object Repository/Web/Register/txt_city'

13-05-2026T16:24:43 - [TEST_STEP][PASSED] - setText(findTestObject("Web/Register/txt_state"), "ina"): Text 'ina' is set on object 'Object Repository/Web/Register/txt_state'

13-05-2026T16:24:43 - [MESSAGE][PASSED] - Text 'ina' is set on object 'Object Repository/Web/Register/txt_state'

13-05-2026T16:24:43 - [TEST_STEP][PASSED] - setText(findTestObject("Web/Register/txt_zipcode"), "11450"): Text '11450' is set on object 'Object Repository/Web/Register/txt_zipcode'

13-05-2026T16:24:44 - [MESSAGE][PASSED] - Text '11450' is set on object 'Object Repository/Web/Register/txt_zipcode'

13-05-2026T16:24:44 - [TEST_STEP][PASSED] - setText(findTestObject("Web/Register/txt_phonenumber"), "628527323222"): Text '628527323222' is set on object 'Object Repository/Web/Register/txt_phonenumber'

13-05-2026T16:24:45 - [MESSAGE][PASSED] - Text '628527323222' is set on object 'Object Repository/Web/Register/txt_phonenumber'

13-05-2026T16:24:45 - [TEST_STEP][PASSED] - setText(findTestObject("Web/Register/txt_ssn"), "12321311"): Text '12321311' is set on object 'Object Repository/Web/Register/txt_ssn'

13-05-2026T16:24:45 - [MESSAGE][PASSED] - Text '12321311' is set on object 'Object Repository/Web/Register/txt_ssn'

13-05-2026T16:24:45 - [TEST_STEP][PASSED] - setText(findTestObject("Web/Register/txt_username"), "Haryadi01"): Text 'Haryadi01' is set on object 'Object Repository/Web/Register/txt_username'

13-05-2026T16:24:46 - [MESSAGE][PASSED] - Text 'Haryadi01' is set on object 'Object Repository/Web/Register/txt_username'

13-05-2026T16:24:46 - [TEST_STEP][PASSED] - setText(findTestObject("Web/Register/txt_password"), "qwerty123"): Text 'qwerty123' is set on object 'Object Repository/Web/Register/txt_password'

13-05-2026T16:24:47 - [MESSAGE][PASSED] - Text 'qwerty123' is set on object 'Object Repository/Web/Register/txt_password'

13-05-2026T16:24:47 - [TEST_STEP][PASSED] - setText(findTestObject("Web/Register/txt_confirmpassword"), "qwerty123"): Text 'qwerty123' is set on object 'Object Repository/Web/Register/txt_confirmpassword'

13-05-2026T16:24:47 - [MESSAGE][PASSED] - Text 'qwerty123' is set on object 'Object Repository/Web/Register/txt_confirmpassword'

13-05-2026T16:24:47 - [TEST_STEP][PASSED] - click(findTestObject("Web/Register/btn_register")): Object: 'Object Repository/Web/Register/btn_register' is clicked on

13-05-2026T16:24:48 - [MESSAGE][PASSED] - Object: 'Object Repository/Web/Register/btn_register' is clicked on

13-05-2026T16:24:48 - [TEST_STEP][PASSED] - waitForElementPresent(findTestObject("Web/Register/lbl_registerberhasil"), 5): Object 'Object Repository/Web/Register/lbl_registerberhasil' is present

13-05-2026T16:24:49 - [MESSAGE][PASSED] - Object 'Object Repository/Web/Register/lbl_registerberhasil' is present

13-05-2026T16:24:49 - [TEST_STEP][PASSED] - verifyElementVisible(findTestObject("Web/Register/lbl_registerberhasil")): Object 'Object Repository/Web/Register/lbl_registerberhasil' is visible

13-05-2026T16:24:49 - [MESSAGE][PASSED] - Object 'Object Repository/Web/Register/lbl_registerberhasil' is visible

13-05-2026T16:24:49 - [TEST_STEP][PASSED] - value = getText(findTestObject("Web/Register/lbl_registerberhasil")): Text of object 'Object Repository/Web/Register/lbl_registerberhasil' is: 'Welcome Haryadi01'

13-05-2026T16:24:49 - [MESSAGE][PASSED] - Text of object 'Object Repository/Web/Register/lbl_registerberhasil' is: 'Welcome Haryadi01'

13-05-2026T16:24:49 - [TEST_STEP][PASSED] - assert value.contains("Welcome") : "Seharusnya kehalaman Pendaftaran berhasil!": null

13-05-2026T16:24:49 - [TEST_STEP][PASSED] - takeScreenshot(screenshotPath + "TC-03-Register Valid.png"): Taking screenshot successfully

13-05-2026T16:24:50 - [MESSAGE][PASSED] - Taking screenshot successfully
[[ATTACHMENT|C:\Users\AVOWS\git\Katalon-Testing-web-automation\screenshot\TC-03-Register Valid.png]]

13-05-2026T16:24:50 - [TEST_STEP][PASSED] - closeBrowser(): Browser is closed

13-05-2026T16:24:50 - [MESSAGE][PASSED] - Browser is closed

13-05-2026T16:24:50 - [TEST_STEP][PASSED] - println("TC-03-Register_Valid Pass - Register Valid berhasil!"): null]]></system-out>
         <system-err><![CDATA[]]></system-err>
      </testcase>
      <testcase name="Test Cases/Web/TC-04-Register_Invalid" time="14.072" classname="Test Cases/Web/TC-04-Register_Invalid" status="PASSED">
         <system-out><![CDATA[13-05-2026T16:24:50 - [TEST_CASE][PASSED] - Test Cases/Web/TC-04-Register_Invalid: Test Cases/Web/TC-04-Register_Invalid

13-05-2026T16:24:51 - [TEST_STEP][PASSED] - openBrowser("https://parabank.parasoft.com"): Browser is opened with url: 'https://parabank.parasoft.com'

13-05-2026T16:24:51 - [MESSAGE][INFO] - Starting 'Chrome' driver

13-05-2026T16:24:51 - [MESSAGE][INFO] - Action delay is set to 0 milliseconds

13-05-2026T16:24:54 - [MESSAGE][PASSED] - Browser is opened with url: 'https://parabank.parasoft.com'

13-05-2026T16:24:54 - [TEST_STEP][PASSED] - click(findTestObject("Web/Register/link_register")): Object: 'Object Repository/Web/Register/link_register' is clicked on

13-05-2026T16:24:55 - [MESSAGE][PASSED] - Object: 'Object Repository/Web/Register/link_register' is clicked on

13-05-2026T16:24:55 - [TEST_STEP][PASSED] - setText(findTestObject("Web/Register/txt_firstname"), "haryadi"): Text 'haryadi' is set on object 'Object Repository/Web/Register/txt_firstname'

13-05-2026T16:24:56 - [MESSAGE][PASSED] - Text 'haryadi' is set on object 'Object Repository/Web/Register/txt_firstname'

13-05-2026T16:24:56 - [TEST_STEP][PASSED] - setText(findTestObject("Web/Register/txt_lastname"), "haryanto"): Text 'haryanto' is set on object 'Object Repository/Web/Register/txt_lastname'

13-05-2026T16:24:57 - [MESSAGE][PASSED] - Text 'haryanto' is set on object 'Object Repository/Web/Register/txt_lastname'

13-05-2026T16:24:57 - [TEST_STEP][PASSED] - setText(findTestObject("Web/Register/txt_address"), "terin 1"): Text 'terin 1' is set on object 'Object Repository/Web/Register/txt_address'

13-05-2026T16:24:57 - [MESSAGE][PASSED] - Text 'terin 1' is set on object 'Object Repository/Web/Register/txt_address'

13-05-2026T16:24:57 - [TEST_STEP][PASSED] - setText(findTestObject("Web/Register/txt_city"), "Depok"): Text 'Depok' is set on object 'Object Repository/Web/Register/txt_city'

13-05-2026T16:24:58 - [MESSAGE][PASSED] - Text 'Depok' is set on object 'Object Repository/Web/Register/txt_city'

13-05-2026T16:24:58 - [TEST_STEP][PASSED] - setText(findTestObject("Web/Register/txt_state"), "ina"): Text 'ina' is set on object 'Object Repository/Web/Register/txt_state'

13-05-2026T16:24:59 - [MESSAGE][PASSED] - Text 'ina' is set on object 'Object Repository/Web/Register/txt_state'

13-05-2026T16:24:59 - [TEST_STEP][PASSED] - setText(findTestObject("Web/Register/txt_zipcode"), "11450"): Text '11450' is set on object 'Object Repository/Web/Register/txt_zipcode'

13-05-2026T16:24:59 - [MESSAGE][PASSED] - Text '11450' is set on object 'Object Repository/Web/Register/txt_zipcode'

13-05-2026T16:24:59 - [TEST_STEP][PASSED] - setText(findTestObject("Web/Register/txt_phonenumber"), "628527323222"): Text '628527323222' is set on object 'Object Repository/Web/Register/txt_phonenumber'

13-05-2026T16:25:00 - [MESSAGE][PASSED] - Text '628527323222' is set on object 'Object Repository/Web/Register/txt_phonenumber'

13-05-2026T16:25:00 - [TEST_STEP][PASSED] - setText(findTestObject("Web/Register/txt_ssn"), "12321311"): Text '12321311' is set on object 'Object Repository/Web/Register/txt_ssn'

13-05-2026T16:25:00 - [MESSAGE][PASSED] - Text '12321311' is set on object 'Object Repository/Web/Register/txt_ssn'

13-05-2026T16:25:00 - [TEST_STEP][PASSED] - setText(findTestObject("Web/Register/txt_username"), "Haryadi01"): Text 'Haryadi01' is set on object 'Object Repository/Web/Register/txt_username'

13-05-2026T16:25:01 - [MESSAGE][PASSED] - Text 'Haryadi01' is set on object 'Object Repository/Web/Register/txt_username'

13-05-2026T16:25:01 - [TEST_STEP][PASSED] - setText(findTestObject("Web/Register/txt_password"), "qwerty123"): Text 'qwerty123' is set on object 'Object Repository/Web/Register/txt_password'

13-05-2026T16:25:02 - [MESSAGE][PASSED] - Text 'qwerty123' is set on object 'Object Repository/Web/Register/txt_password'

13-05-2026T16:25:02 - [TEST_STEP][PASSED] - setText(findTestObject("Web/Register/txt_confirmpassword"), "qwerty123"): Text 'qwerty123' is set on object 'Object Repository/Web/Register/txt_confirmpassword'

13-05-2026T16:25:02 - [MESSAGE][PASSED] - Text 'qwerty123' is set on object 'Object Repository/Web/Register/txt_confirmpassword'

13-05-2026T16:25:02 - [TEST_STEP][PASSED] - click(findTestObject("Web/Register/btn_register")): Object: 'Object Repository/Web/Register/btn_register' is clicked on

13-05-2026T16:25:03 - [MESSAGE][PASSED] - Object: 'Object Repository/Web/Register/btn_register' is clicked on

13-05-2026T16:25:03 - [TEST_STEP][PASSED] - waitForElementPresent(findTestObject("Web/Register/lbl_failRegister"), 5): Object 'Object Repository/Web/Register/lbl_failRegister' is present

13-05-2026T16:25:03 - [MESSAGE][PASSED] - Object 'Object Repository/Web/Register/lbl_failRegister' is present

13-05-2026T16:25:03 - [TEST_STEP][PASSED] - verifyElementText(findTestObject("Web/Register/lbl_failRegister"), "This username already exists."): Actual text and expected text of test object 'Object Repository/Web/Register/lbl_failRegister' are matched.

13-05-2026T16:25:04 - [MESSAGE][PASSED] - Actual text and expected text of test object 'Object Repository/Web/Register/lbl_failRegister' are matched.

13-05-2026T16:25:04 - [TEST_STEP][PASSED] - takeScreenshot(screenshotPath + "TC-04-Register Invalid.png"): Taking screenshot successfully

13-05-2026T16:25:04 - [MESSAGE][PASSED] - Taking screenshot successfully
[[ATTACHMENT|C:\Users\AVOWS\git\Katalon-Testing-web-automation\screenshot\TC-04-Register Invalid.png]]

13-05-2026T16:25:04 - [TEST_STEP][PASSED] - closeBrowser(): Browser is closed

13-05-2026T16:25:04 - [MESSAGE][PASSED] - Browser is closed

13-05-2026T16:25:04 - [TEST_STEP][PASSED] - println("TC-04-Register_Invalid Pass - Register Invalid berhasil!"): null]]></system-out>
         <system-err><![CDATA[]]></system-err>
      </testcase>
      <testcase name="Test Cases/Web/TC-02-Login_Invalid" time="7.709" classname="Test Cases/Web/TC-02-Login_Invalid" status="PASSED">
         <system-out><![CDATA[13-05-2026T16:25:04 - [TEST_CASE][PASSED] - Test Cases/Web/TC-02-Login_Invalid: Test Cases/Web/TC-02-Login_Invalid

13-05-2026T16:25:05 - [TEST_STEP][PASSED] - openBrowser("https://parabank.parasoft.com"): Browser is opened with url: 'https://parabank.parasoft.com'

13-05-2026T16:25:05 - [MESSAGE][INFO] - Starting 'Chrome' driver

13-05-2026T16:25:05 - [MESSAGE][INFO] - Action delay is set to 0 milliseconds

13-05-2026T16:25:08 - [MESSAGE][PASSED] - Browser is opened with url: 'https://parabank.parasoft.com'

13-05-2026T16:25:08 - [TEST_STEP][PASSED] - setText(findTestObject("Web/Login/txt_username"), "john"): Text 'john' is set on object 'Object Repository/Web/Login/txt_username'

13-05-2026T16:25:09 - [MESSAGE][PASSED] - Text 'john' is set on object 'Object Repository/Web/Login/txt_username'

13-05-2026T16:25:09 - [TEST_STEP][PASSED] - setText(findTestObject("Web/Login/txt_password"), "demo1"): Text 'demo1' is set on object 'Object Repository/Web/Login/txt_password'

13-05-2026T16:25:10 - [MESSAGE][PASSED] - Text 'demo1' is set on object 'Object Repository/Web/Login/txt_password'

13-05-2026T16:25:10 - [TEST_STEP][PASSED] - click(findTestObject("Web/Login/btn_login")): Object: 'Object Repository/Web/Login/btn_login' is clicked on

13-05-2026T16:25:10 - [MESSAGE][PASSED] - Object: 'Object Repository/Web/Login/btn_login' is clicked on

13-05-2026T16:25:10 - [TEST_STEP][PASSED] - waitForElementPresent(findTestObject("Web/Login/lbl_faillogin"), 5): Object 'Object Repository/Web/Login/lbl_faillogin' is present

13-05-2026T16:25:11 - [MESSAGE][PASSED] - Object 'Object Repository/Web/Login/lbl_faillogin' is present

13-05-2026T16:25:11 - [TEST_STEP][PASSED] - verifyElementVisible(findTestObject("Web/Login/lbl_faillogin")): Object 'Object Repository/Web/Login/lbl_faillogin' is visible

13-05-2026T16:25:11 - [MESSAGE][PASSED] - Object 'Object Repository/Web/Login/lbl_faillogin' is visible

13-05-2026T16:25:11 - [TEST_STEP][PASSED] - verifyElementText(findTestObject("Web/Login/lbl_faillogin"), "The username and password could not be verified."): Actual text and expected text of test object 'Object Repository/Web/Login/lbl_faillogin' are matched.

13-05-2026T16:25:11 - [MESSAGE][PASSED] - Actual text and expected text of test object 'Object Repository/Web/Login/lbl_faillogin' are matched.

13-05-2026T16:25:11 - [TEST_STEP][PASSED] - currentUrl = getUrl(): Current window's url is: 'https://parabank.parasoft.com/parabank/login.htm'

13-05-2026T16:25:12 - [MESSAGE][PASSED] - Current window's url is: 'https://parabank.parasoft.com/parabank/login.htm'

13-05-2026T16:25:12 - [TEST_STEP][PASSED] - assert currentUrl.contains("login") : "Tetap dihalaman login!": null

13-05-2026T16:25:12 - [TEST_STEP][PASSED] - takeScreenshot(screenshotPath + "TC-02-Login Invalid.png"): Taking screenshot successfully

13-05-2026T16:25:12 - [MESSAGE][PASSED] - Taking screenshot successfully
[[ATTACHMENT|C:\Users\AVOWS\git\Katalon-Testing-web-automation\screenshot\TC-02-Login Invalid.png]]

13-05-2026T16:25:12 - [TEST_STEP][PASSED] - closeBrowser(): Browser is closed

13-05-2026T16:25:12 - [MESSAGE][PASSED] - Browser is closed

13-05-2026T16:25:12 - [TEST_STEP][PASSED] - println("TC-02-Login_Invalid Pass - Login Invalid berhasil!"): null]]></system-out>
         <system-err><![CDATA[]]></system-err>
      </testcase>
      <testcase name="Test Cases/Web/TC-01-Login_Valid" time="8.003" classname="Test Cases/Web/TC-01-Login_Valid" status="PASSED">
         <system-out><![CDATA[13-05-2026T16:25:12 - [TEST_CASE][PASSED] - Test Cases/Web/TC-01-Login_Valid: Test Cases/Web/TC-01-Login_Valid

13-05-2026T16:25:12 - [TEST_STEP][PASSED] - openBrowser("https://parabank.parasoft.com"): Browser is opened with url: 'https://parabank.parasoft.com'

13-05-2026T16:25:12 - [MESSAGE][INFO] - Starting 'Chrome' driver

13-05-2026T16:25:12 - [MESSAGE][INFO] - Action delay is set to 0 milliseconds

13-05-2026T16:25:16 - [MESSAGE][PASSED] - Browser is opened with url: 'https://parabank.parasoft.com'

13-05-2026T16:25:16 - [TEST_STEP][PASSED] - setText(findTestObject("Web/Login/txt_username"), "Haryadi01"): Text 'Haryadi01' is set on object 'Object Repository/Web/Login/txt_username'

13-05-2026T16:25:17 - [MESSAGE][PASSED] - Text 'Haryadi01' is set on object 'Object Repository/Web/Login/txt_username'

13-05-2026T16:25:17 - [TEST_STEP][PASSED] - setText(findTestObject("Web/Login/txt_password"), "qwerty123"): Text 'qwerty123' is set on object 'Object Repository/Web/Login/txt_password'

13-05-2026T16:25:18 - [MESSAGE][PASSED] - Text 'qwerty123' is set on object 'Object Repository/Web/Login/txt_password'

13-05-2026T16:25:18 - [TEST_STEP][PASSED] - click(findTestObject("Web/Login/btn_login")): Object: 'Object Repository/Web/Login/btn_login' is clicked on

13-05-2026T16:25:19 - [MESSAGE][PASSED] - Object: 'Object Repository/Web/Login/btn_login' is clicked on

13-05-2026T16:25:19 - [TEST_STEP][PASSED] - waitForElementPresent(findTestObject("Web/Home/lbl_accountoverview"), 5): Object 'Object Repository/Web/Home/lbl_accountoverview' is present

13-05-2026T16:25:19 - [MESSAGE][PASSED] - Object 'Object Repository/Web/Home/lbl_accountoverview' is present

13-05-2026T16:25:19 - [TEST_STEP][PASSED] - verifyElementVisible(findTestObject("Web/Home/lbl_accountoverview")): Object 'Object Repository/Web/Home/lbl_accountoverview' is visible

13-05-2026T16:25:20 - [MESSAGE][PASSED] - Object 'Object Repository/Web/Home/lbl_accountoverview' is visible

13-05-2026T16:25:20 - [TEST_STEP][PASSED] - currentUrl = getUrl(): Current window's url is: 'https://parabank.parasoft.com/parabank/overview.htm'

13-05-2026T16:25:20 - [MESSAGE][PASSED] - Current window's url is: 'https://parabank.parasoft.com/parabank/overview.htm'

13-05-2026T16:25:20 - [TEST_STEP][PASSED] - assert currentUrl.contains("overview") : "Seharusnya kehalaman overview!": null

13-05-2026T16:25:20 - [TEST_STEP][PASSED] - takeScreenshot(screenshotPath + "TC-01-Login Valid.png"): Taking screenshot successfully

13-05-2026T16:25:20 - [MESSAGE][PASSED] - Taking screenshot successfully
[[ATTACHMENT|C:\Users\AVOWS\git\Katalon-Testing-web-automation\screenshot\TC-01-Login Valid.png]]

13-05-2026T16:25:20 - [TEST_STEP][PASSED] - closeBrowser(): Browser is closed

13-05-2026T16:25:20 - [MESSAGE][PASSED] - Browser is closed

13-05-2026T16:25:20 - [TEST_STEP][PASSED] - println("TC-1-Login_Valid Pass - Login Valid berhasil!"): null]]></system-out>
         <system-err><![CDATA[]]></system-err>
      </testcase>
      <testcase name="Test Cases/Web/TC-Create New Account" time="11.197" classname="Test Cases/Web/TC-Create New Account" status="PASSED">
         <system-out><![CDATA[13-05-2026T16:25:20 - [TEST_CASE][PASSED] - Test Cases/Web/TC-Create New Account: Test Cases/Web/TC-Create New Account

13-05-2026T16:25:21 - [TEST_STEP][PASSED] - common.WebHelper.login("Haryadi01", "qwerty123"): common.WebHelper.login is PASSED

13-05-2026T16:25:21 - [MESSAGE][INFO] - Starting 'Chrome' driver

13-05-2026T16:25:21 - [MESSAGE][INFO] - Action delay is set to 0 milliseconds

13-05-2026T16:25:24 - [MESSAGE][PASSED] - Browser is opened with url: 'https://parabank.parasoft.com'

13-05-2026T16:25:25 - [MESSAGE][PASSED] - Text 'Haryadi01' is set on object 'Object Repository/Web/Login/txt_username'

13-05-2026T16:25:26 - [MESSAGE][PASSED] - Text 'qwerty123' is set on object 'Object Repository/Web/Login/txt_password'

13-05-2026T16:25:26 - [MESSAGE][PASSED] - Object: 'Object Repository/Web/Login/btn_login' is clicked on

13-05-2026T16:25:26 - [MESSAGE][PASSED] - common.WebHelper.login is PASSED

13-05-2026T16:25:26 - [TEST_STEP][PASSED] - click(findTestObject("Web/Home/link_createAccount")): Object: 'Object Repository/Web/Home/link_createAccount' is clicked on

13-05-2026T16:25:28 - [MESSAGE][PASSED] - Object: 'Object Repository/Web/Home/link_createAccount' is clicked on

13-05-2026T16:25:28 - [TEST_STEP][PASSED] - selectOptionByValue(findTestObject("Web/OpenAccount/drp_typeAccount"), "1", false): All options with value '1' are selected in object 'Object Repository/Web/OpenAccount/drp_typeAccount' 

13-05-2026T16:25:29 - [MESSAGE][PASSED] - All options with value '1' are selected in object 'Object Repository/Web/OpenAccount/drp_typeAccount' 

13-05-2026T16:25:29 - [TEST_STEP][PASSED] - driver = getWebDriver(): null

13-05-2026T16:25:29 - [TEST_STEP][PASSED] - selectElement = new org.openqa.selenium.support.ui.Select(driver.findElement(org.openqa.selenium.By.cssSelector(#fromAccountId))): null

13-05-2026T16:25:29 - [TEST_STEP][PASSED] - options = selectElement.getOptions(): null

13-05-2026T16:25:29 - [TEST_STEP][PASSED] - options.each({ java.lang.Object option -> ... }): null

13-05-2026T16:25:29 - [TEST_STEP][PASSED] - firstValue = get(0).getAttribute("value"): null

13-05-2026T16:25:29 - [TEST_STEP][PASSED] - selectElement.selectByValue(firstValue): null

13-05-2026T16:25:30 - [TEST_STEP][PASSED] - click(findTestObject("Web/OpenAccount/btn_submit")): Object: 'Object Repository/Web/OpenAccount/btn_submit' is clicked on

13-05-2026T16:25:30 - [MESSAGE][PASSED] - Object: 'Object Repository/Web/OpenAccount/btn_submit' is clicked on

13-05-2026T16:25:30 - [TEST_STEP][PASSED] - verifyElementText(findTestObject("Web/OpenAccount/lbl_successCreateAccount"), "Account Opened!"): Actual text and expected text of test object 'Object Repository/Web/OpenAccount/lbl_successCreateAccount' are matched.

13-05-2026T16:25:31 - [MESSAGE][PASSED] - Actual text and expected text of test object 'Object Repository/Web/OpenAccount/lbl_successCreateAccount' are matched.

13-05-2026T16:25:31 - [TEST_STEP][PASSED] - takeScreenshot(screenshotPath + "TC CreateAccount.png"): Taking screenshot successfully

13-05-2026T16:25:31 - [MESSAGE][PASSED] - Taking screenshot successfully
[[ATTACHMENT|C:\Users\AVOWS\git\Katalon-Testing-web-automation\screenshot\TC CreateAccount.png]]

13-05-2026T16:25:31 - [TEST_STEP][PASSED] - closeBrowser(): Browser is closed

13-05-2026T16:25:31 - [MESSAGE][PASSED] - Browser is closed

13-05-2026T16:25:31 - [TEST_STEP][PASSED] - println("Test Case Create Account success!"): null]]></system-out>
         <system-err><![CDATA[]]></system-err>
      </testcase>
      <testcase name="Test Cases/Web/Transfer Found/TC TRF-01" time="13.02" classname="Test Cases/Web/Transfer Found/TC TRF-01" status="PASSED">
         <system-out><![CDATA[13-05-2026T16:25:31 - [TEST_CASE][PASSED] - Test Cases/Web/Transfer Found/TC TRF-01: Test Cases/Web/Transfer Found/TC TRF-01

13-05-2026T16:25:32 - [TEST_STEP][PASSED] - common.WebHelper.login("Haryadi01", "qwerty123"): common.WebHelper.login is PASSED

13-05-2026T16:25:32 - [MESSAGE][INFO] - Starting 'Chrome' driver

13-05-2026T16:25:32 - [MESSAGE][INFO] - Action delay is set to 0 milliseconds

13-05-2026T16:25:35 - [MESSAGE][PASSED] - Browser is opened with url: 'https://parabank.parasoft.com'

13-05-2026T16:25:37 - [MESSAGE][PASSED] - Text 'Haryadi01' is set on object 'Object Repository/Web/Login/txt_username'

13-05-2026T16:25:38 - [MESSAGE][PASSED] - Text 'qwerty123' is set on object 'Object Repository/Web/Login/txt_password'

13-05-2026T16:25:38 - [MESSAGE][PASSED] - Object: 'Object Repository/Web/Login/btn_login' is clicked on

13-05-2026T16:25:38 - [MESSAGE][PASSED] - common.WebHelper.login is PASSED

13-05-2026T16:25:38 - [TEST_STEP][PASSED] - click(findTestObject("Web/Home/link_transfer")): Object: 'Object Repository/Web/Home/link_transfer' is clicked on

13-05-2026T16:25:39 - [MESSAGE][PASSED] - Object: 'Object Repository/Web/Home/link_transfer' is clicked on

13-05-2026T16:25:39 - [TEST_STEP][PASSED] - driver = getWebDriver(): null

13-05-2026T16:25:39 - [TEST_STEP][PASSED] - selectElementFrom = new org.openqa.selenium.support.ui.Select(driver.findElement(org.openqa.selenium.By.cssSelector(#fromAccountId))): null

13-05-2026T16:25:40 - [TEST_STEP][PASSED] - selectElementTo = new org.openqa.selenium.support.ui.Select(driver.findElement(org.openqa.selenium.By.cssSelector(#toAccountId))): null

13-05-2026T16:25:41 - [TEST_STEP][PASSED] - setText(findTestObject("Web/Transfer/txt_amount"), "150"): Text '150' is set on object 'Object Repository/Web/Transfer/txt_amount'

13-05-2026T16:25:41 - [MESSAGE][PASSED] - Text '150' is set on object 'Object Repository/Web/Transfer/txt_amount'

13-05-2026T16:25:41 - [TEST_STEP][PASSED] - options = selectElementFrom.getOptions(): null

13-05-2026T16:25:41 - [TEST_STEP][PASSED] - options.each({ java.lang.Object option -> ... }): null

13-05-2026T16:25:41 - [TEST_STEP][PASSED] - fromAccount = get(0).getAttribute("value"): null

13-05-2026T16:25:41 - [TEST_STEP][PASSED] - selectElementFrom.selectByValue(fromAccount): null

13-05-2026T16:25:42 - [TEST_STEP][PASSED] - optionsToAccount = selectElementTo.getOptions(): null

13-05-2026T16:25:42 - [TEST_STEP][PASSED] - optionsToAccount.each({ java.lang.Object option -> ... }): null

13-05-2026T16:25:42 - [TEST_STEP][PASSED] - toAccount = get(1).getAttribute("value"): null

13-05-2026T16:25:42 - [TEST_STEP][PASSED] - selectElementTo.selectByValue(toAccount): null

13-05-2026T16:25:42 - [TEST_STEP][PASSED] - click(findTestObject("Web/Transfer/btn_submit")): Object: 'Object Repository/Web/Transfer/btn_submit' is clicked on

13-05-2026T16:25:43 - [MESSAGE][PASSED] - Object: 'Object Repository/Web/Transfer/btn_submit' is clicked on

13-05-2026T16:25:43 - [TEST_STEP][PASSED] - waitForElementPresent(findTestObject("Web/Transfer/lbl_successTransfer"), 5): Object 'Object Repository/Web/Transfer/lbl_successTransfer' is present

13-05-2026T16:25:43 - [MESSAGE][PASSED] - Object 'Object Repository/Web/Transfer/lbl_successTransfer' is present

13-05-2026T16:25:43 - [TEST_STEP][PASSED] - verifyElementText(findTestObject("Web/Transfer/lbl_successTransfer"), "Transfer Complete!"): Actual text and expected text of test object 'Object Repository/Web/Transfer/lbl_successTransfer' are matched.

13-05-2026T16:25:44 - [MESSAGE][PASSED] - Actual text and expected text of test object 'Object Repository/Web/Transfer/lbl_successTransfer' are matched.

13-05-2026T16:25:44 - [TEST_STEP][PASSED] - takeScreenshot(screenshotPath + "TC TRF-01 Transfer Success.png"): Taking screenshot successfully

13-05-2026T16:25:44 - [MESSAGE][PASSED] - Taking screenshot successfully
[[ATTACHMENT|C:\Users\AVOWS\git\Katalon-Testing-web-automation\screenshot\TC TRF-01 Transfer Success.png]]

13-05-2026T16:25:44 - [TEST_STEP][PASSED] - closeBrowser(): Browser is closed

13-05-2026T16:25:44 - [MESSAGE][PASSED] - Browser is closed

13-05-2026T16:25:44 - [TEST_STEP][PASSED] - println("TC-TRF-01 -Transfer Pass!"): null]]></system-out>
         <system-err><![CDATA[]]></system-err>
      </testcase>
      <testcase name="Test Cases/Web/Transfer Found/TC TRF-02" time="12.178" classname="Test Cases/Web/Transfer Found/TC TRF-02" status="FAILED">
         <failure type="FAILED" message="Test Cases/Web/Transfer Found/TC TRF-02 FAILED.&#xa;Reason:&#xa;com.kms.katalon.core.exception.StepFailedException: Verify element text of test object 'Object Repository/Web/Transfer/lbl_failTransfer' FAILED.&#xa;	at com.kms.katalon.core.webui.keyword.internal.WebUIKeywordMain.stepFailed(WebUIKeywordMain.groovy:118)&#xa;	at com.kms.katalon.core.webui.keyword.internal.WebUIKeywordMain.runKeyword(WebUIKeywordMain.groovy:43)&#xa;	at com.kms.katalon.core.webui.keyword.builtin.VerifyElementTextKeyword.verifyElementText(VerifyElementTextKeyword.groovy:72)&#xa;	at com.kms.katalon.core.webui.keyword.builtin.VerifyElementTextKeyword.execute(VerifyElementTextKeyword.groovy:40)&#xa;	at com.kms.katalon.core.keyword.internal.KeywordExecutor.executeKeywordForPlatform(KeywordExecutor.groovy:64)&#xa;	at com.kms.katalon.core.webui.keyword.WebUiBuiltInKeywords.verifyElementText(WebUiBuiltInKeywords.groovy:4994)&#xa;	at TC TRF-02.run(TC TRF-02:59)&#xa;	at com.kms.katalon.core.main.ScriptEngine.run(ScriptEngine.java:194)&#xa;	at com.kms.katalon.core.main.ScriptEngine.runScriptAsRawText(ScriptEngine.java:119)&#xa;	at com.kms.katalon.core.main.TestCaseExecutor.runScript(TestCaseExecutor.java:485)&#xa;	at com.kms.katalon.core.main.TestCaseExecutor.doExecute(TestCaseExecutor.java:476)&#xa;	at com.kms.katalon.core.main.TestCaseExecutor.processExecutionPhase(TestCaseExecutor.java:455)&#xa;	at com.kms.katalon.core.main.TestCaseExecutor.accessMainPhase(TestCaseExecutor.java:447)&#xa;	at com.kms.katalon.core.main.TestCaseExecutor.execute(TestCaseExecutor.java:321)&#xa;	at com.kms.katalon.core.common.CommonExecutor.accessTestCaseMainPhase(CommonExecutor.java:71)&#xa;	at com.kms.katalon.core.main.TestSuiteExecutor.accessTestSuiteMainPhase(TestSuiteExecutor.java:160)&#xa;	at com.kms.katalon.core.main.TestSuiteExecutor.execute(TestSuiteExecutor.java:107)&#xa;	at com.kms.katalon.core.main.TestCaseMain.startTestSuite(TestCaseMain.java:195)&#xa;	at TempTestSuite1778664266342.run(TempTestSuite1778664266342.groovy:35)&#xa;	at java.base/jdk.internal.reflect.NativeMethodAccessorImpl.invoke0(Native Method)&#xa;	at java.base/jdk.internal.reflect.NativeMethodAccessorImpl.invoke(NativeMethodAccessorImpl.java:77)&#xa;	at java.base/jdk.internal.reflect.DelegatingMethodAccessorImpl.invoke(DelegatingMethodAccessorImpl.java:43)&#xa;Caused by: com.kms.katalon.core.exception.StepFailedException: Actual text 'Error!' and expected text 'The amount cannot be empty.' of test object 'Object Repository/Web/Transfer/lbl_failTransfer' are NOT matched.&#xa;	at com.kms.katalon.core.webui.keyword.internal.WebUIKeywordMain.stepFailed(WebUIKeywordMain.groovy:118)&#xa;	at com.kms.katalon.core.webui.keyword.builtin.VerifyElementTextKeyword$_verifyElementText_closure1.doCall(VerifyElementTextKeyword.groovy:57)&#xa;	at com.kms.katalon.core.webui.keyword.builtin.VerifyElementTextKeyword$_verifyElementText_closure1.call(VerifyElementTextKeyword.groovy)&#xa;	at com.kms.katalon.core.webui.keyword.internal.WebUIKeywordMain.runKeyword(WebUIKeywordMain.groovy:35)&#xa;	... 20 more&#xa;"/>
         <system-out><![CDATA[13-05-2026T16:25:44 - [TEST_CASE][FAILED] - Test Cases/Web/Transfer Found/TC TRF-02: Test Cases/Web/Transfer Found/TC TRF-02 FAILED.
Reason:
com.kms.katalon.core.exception.StepFailedException: Verify element text of test object 'Object Repository/Web/Transfer/lbl_failTransfer' FAILED.
	at com.kms.katalon.core.webui.keyword.internal.WebUIKeywordMain.stepFailed(WebUIKeywordMain.groovy:118)
	at com.kms.katalon.core.webui.keyword.internal.WebUIKeywordMain.runKeyword(WebUIKeywordMain.groovy:43)
	at com.kms.katalon.core.webui.keyword.builtin.VerifyElementTextKeyword.verifyElementText(VerifyElementTextKeyword.groovy:72)
	at com.kms.katalon.core.webui.keyword.builtin.VerifyElementTextKeyword.execute(VerifyElementTextKeyword.groovy:40)
	at com.kms.katalon.core.keyword.internal.KeywordExecutor.executeKeywordForPlatform(KeywordExecutor.groovy:64)
	at com.kms.katalon.core.webui.keyword.WebUiBuiltInKeywords.verifyElementText(WebUiBuiltInKeywords.groovy:4994)
	at TC TRF-02.run(TC TRF-02:59)
	at com.kms.katalon.core.main.ScriptEngine.run(ScriptEngine.java:194)
	at com.kms.katalon.core.main.ScriptEngine.runScriptAsRawText(ScriptEngine.java:119)
	at com.kms.katalon.core.main.TestCaseExecutor.runScript(TestCaseExecutor.java:485)
	at com.kms.katalon.core.main.TestCaseExecutor.doExecute(TestCaseExecutor.java:476)
	at com.kms.katalon.core.main.TestCaseExecutor.processExecutionPhase(TestCaseExecutor.java:455)
	at com.kms.katalon.core.main.TestCaseExecutor.accessMainPhase(TestCaseExecutor.java:447)
	at com.kms.katalon.core.main.TestCaseExecutor.execute(TestCaseExecutor.java:321)
	at com.kms.katalon.core.common.CommonExecutor.accessTestCaseMainPhase(CommonExecutor.java:71)
	at com.kms.katalon.core.main.TestSuiteExecutor.accessTestSuiteMainPhase(TestSuiteExecutor.java:160)
	at com.kms.katalon.core.main.TestSuiteExecutor.execute(TestSuiteExecutor.java:107)
	at com.kms.katalon.core.main.TestCaseMain.startTestSuite(TestCaseMain.java:195)
	at TempTestSuite1778664266342.run(TempTestSuite1778664266342.groovy:35)
	at java.base/jdk.internal.reflect.NativeMethodAccessorImpl.invoke0(Native Method)
	at java.base/jdk.internal.reflect.NativeMethodAccessorImpl.invoke(NativeMethodAccessorImpl.java:77)
	at java.base/jdk.internal.reflect.DelegatingMethodAccessorImpl.invoke(DelegatingMethodAccessorImpl.java:43)
Caused by: com.kms.katalon.core.exception.StepFailedException: Actual text 'Error!' and expected text 'The amount cannot be empty.' of test object 'Object Repository/Web/Transfer/lbl_failTransfer' are NOT matched.
	at com.kms.katalon.core.webui.keyword.internal.WebUIKeywordMain.stepFailed(WebUIKeywordMain.groovy:118)
	at com.kms.katalon.core.webui.keyword.builtin.VerifyElementTextKeyword$_verifyElementText_closure1.doCall(VerifyElementTextKeyword.groovy:57)
	at com.kms.katalon.core.webui.keyword.builtin.VerifyElementTextKeyword$_verifyElementText_closure1.call(VerifyElementTextKeyword.groovy)
	at com.kms.katalon.core.webui.keyword.internal.WebUIKeywordMain.runKeyword(WebUIKeywordMain.groovy:35)
	... 20 more


13-05-2026T16:25:45 - [TEST_STEP][PASSED] - common.WebHelper.login("Haryadi01", "qwerty123"): common.WebHelper.login is PASSED

13-05-2026T16:25:45 - [MESSAGE][INFO] - Starting 'Chrome' driver

13-05-2026T16:25:45 - [MESSAGE][INFO] - Action delay is set to 0 milliseconds

13-05-2026T16:25:48 - [MESSAGE][PASSED] - Browser is opened with url: 'https://parabank.parasoft.com'

13-05-2026T16:25:49 - [MESSAGE][PASSED] - Text 'Haryadi01' is set on object 'Object Repository/Web/Login/txt_username'

13-05-2026T16:25:50 - [MESSAGE][PASSED] - Text 'qwerty123' is set on object 'Object Repository/Web/Login/txt_password'

13-05-2026T16:25:51 - [MESSAGE][PASSED] - Object: 'Object Repository/Web/Login/btn_login' is clicked on

13-05-2026T16:25:51 - [MESSAGE][PASSED] - common.WebHelper.login is PASSED

13-05-2026T16:25:51 - [TEST_STEP][PASSED] - click(findTestObject("Web/Home/link_transfer")): Object: 'Object Repository/Web/Home/link_transfer' is clicked on

13-05-2026T16:25:52 - [MESSAGE][PASSED] - Object: 'Object Repository/Web/Home/link_transfer' is clicked on

13-05-2026T16:25:52 - [TEST_STEP][PASSED] - setText(findTestObject("Web/Transfer/txt_amount"), ""): Text '' is set on object 'Object Repository/Web/Transfer/txt_amount'

13-05-2026T16:25:53 - [MESSAGE][PASSED] - Text '' is set on object 'Object Repository/Web/Transfer/txt_amount'

13-05-2026T16:25:53 - [TEST_STEP][PASSED] - driver = getWebDriver(): null

13-05-2026T16:25:53 - [TEST_STEP][PASSED] - selectElementFrom = new org.openqa.selenium.support.ui.Select(driver.findElement(org.openqa.selenium.By.cssSelector(#fromAccountId))): null

13-05-2026T16:25:53 - [TEST_STEP][PASSED] - selectElementTo = new org.openqa.selenium.support.ui.Select(driver.findElement(org.openqa.selenium.By.cssSelector(#toAccountId))): null

13-05-2026T16:25:54 - [TEST_STEP][PASSED] - setText(findTestObject("Web/Transfer/txt_amount"), ""): Text '' is set on object 'Object Repository/Web/Transfer/txt_amount'

13-05-2026T16:25:54 - [MESSAGE][PASSED] - Text '' is set on object 'Object Repository/Web/Transfer/txt_amount'

13-05-2026T16:25:54 - [TEST_STEP][PASSED] - options = selectElementFrom.getOptions(): null

13-05-2026T16:25:54 - [TEST_STEP][PASSED] - options.each({ java.lang.Object option -> ... }): null

13-05-2026T16:25:54 - [TEST_STEP][PASSED] - fromAccount = get(0).getAttribute("value"): null

13-05-2026T16:25:54 - [TEST_STEP][PASSED] - selectElementFrom.selectByValue(fromAccount): null

13-05-2026T16:25:55 - [TEST_STEP][PASSED] - optionsToAccount = selectElementTo.getOptions(): null

13-05-2026T16:25:55 - [TEST_STEP][PASSED] - optionsToAccount.each({ java.lang.Object option -> ... }): null

13-05-2026T16:25:55 - [TEST_STEP][PASSED] - toAccount = get(1).getAttribute("value"): null

13-05-2026T16:25:55 - [TEST_STEP][PASSED] - selectElementTo.selectByValue(toAccount): null

13-05-2026T16:25:55 - [TEST_STEP][PASSED] - click(findTestObject("Web/Transfer/btn_submit")): Object: 'Object Repository/Web/Transfer/btn_submit' is clicked on

13-05-2026T16:25:56 - [MESSAGE][PASSED] - Object: 'Object Repository/Web/Transfer/btn_submit' is clicked on

13-05-2026T16:25:56 - [TEST_STEP][PASSED] - waitForElementPresent(findTestObject("Web/Transfer/lbl_failTransfer"), 5): Object 'Object Repository/Web/Transfer/lbl_failTransfer' is present

13-05-2026T16:25:56 - [MESSAGE][PASSED] - Object 'Object Repository/Web/Transfer/lbl_failTransfer' is present

13-05-2026T16:25:56 - [TEST_STEP][FAILED] - verifyElementText(findTestObject("Web/Transfer/lbl_failTransfer"), "The amount cannot be empty."): Verify element text of test object 'Object Repository/Web/Transfer/lbl_failTransfer' FAILED. (Root cause: com.kms.katalon.core.exception.StepFailedException: Verify element text of test object 'Object Repository/Web/Transfer/lbl_failTransfer' FAILED.
	at com.kms.katalon.core.webui.keyword.internal.WebUIKeywordMain.stepFailed(WebUIKeywordMain.groovy:118)
	at com.kms.katalon.core.webui.keyword.internal.WebUIKeywordMain.runKeyword(WebUIKeywordMain.groovy:43)
	at com.kms.katalon.core.webui.keyword.builtin.VerifyElementTextKeyword.verifyElementText(VerifyElementTextKeyword.groovy:72)
	at com.kms.katalon.core.webui.keyword.builtin.VerifyElementTextKeyword.execute(VerifyElementTextKeyword.groovy:40)
	at com.kms.katalon.core.keyword.internal.KeywordExecutor.executeKeywordForPlatform(KeywordExecutor.groovy:64)
	at com.kms.katalon.core.webui.keyword.WebUiBuiltInKeywords.verifyElementText(WebUiBuiltInKeywords.groovy:4994)
	at TC TRF-02.run(TC TRF-02:59)
	at com.kms.katalon.core.main.ScriptEngine.run(ScriptEngine.java:194)
	at com.kms.katalon.core.main.ScriptEngine.runScriptAsRawText(ScriptEngine.java:119)
	at com.kms.katalon.core.main.TestCaseExecutor.runScript(TestCaseExecutor.java:485)
	at com.kms.katalon.core.main.TestCaseExecutor.doExecute(TestCaseExecutor.java:476)
	at com.kms.katalon.core.main.TestCaseExecutor.processExecutionPhase(TestCaseExecutor.java:455)
	at com.kms.katalon.core.main.TestCaseExecutor.accessMainPhase(TestCaseExecutor.java:447)
	at com.kms.katalon.core.main.TestCaseExecutor.execute(TestCaseExecutor.java:321)
	at com.kms.katalon.core.common.CommonExecutor.accessTestCaseMainPhase(CommonExecutor.java:71)
	at com.kms.katalon.core.main.TestSuiteExecutor.accessTestSuiteMainPhase(TestSuiteExecutor.java:160)
	at com.kms.katalon.core.main.TestSuiteExecutor.execute(TestSuiteExecutor.java:107)
	at com.kms.katalon.core.main.TestCaseMain.startTestSuite(TestCaseMain.java:195)
	at TempTestSuite1778664266342.run(TempTestSuite1778664266342.groovy:35)
	at java.base/jdk.internal.reflect.NativeMethodAccessorImpl.invoke0(Native Method)
	at java.base/jdk.internal.reflect.NativeMethodAccessorImpl.invoke(NativeMethodAccessorImpl.java:77)
	at java.base/jdk.internal.reflect.DelegatingMethodAccessorImpl.invoke(DelegatingMethodAccessorImpl.java:43)
Caused by: com.kms.katalon.core.exception.StepFailedException: Actual text 'Error!' and expected text 'The amount cannot be empty.' of test object 'Object Repository/Web/Transfer/lbl_failTransfer' are NOT matched.
	at com.kms.katalon.core.webui.keyword.internal.WebUIKeywordMain.stepFailed(WebUIKeywordMain.groovy:118)
	at com.kms.katalon.core.webui.keyword.builtin.VerifyElementTextKeyword$_verifyElementText_closure1.doCall(VerifyElementTextKeyword.groovy:57)
	at com.kms.katalon.core.webui.keyword.builtin.VerifyElementTextKeyword$_verifyElementText_closure1.call(VerifyElementTextKeyword.groovy)
	at com.kms.katalon.core.webui.keyword.internal.WebUIKeywordMain.runKeyword(WebUIKeywordMain.groovy:35)
	... 20 more
)

13-05-2026T16:25:56 - [MESSAGE][FAILED] - Actual text 'Error!' and expected text 'The amount cannot be empty.' of test object 'Object Repository/Web/Transfer/lbl_failTransfer' are NOT matched. (Root cause: com.kms.katalon.core.exception.StepFailedException: Actual text 'Error!' and expected text 'The amount cannot be empty.' of test object 'Object Repository/Web/Transfer/lbl_failTransfer' are NOT matched.
	at com.kms.katalon.core.webui.keyword.internal.WebUIKeywordMain.stepFailed(WebUIKeywordMain.groovy:118)
	at com.kms.katalon.core.webui.keyword.builtin.VerifyElementTextKeyword$_verifyElementText_closure1.doCall(VerifyElementTextKeyword.groovy:57)
	at com.kms.katalon.core.webui.keyword.builtin.VerifyElementTextKeyword$_verifyElementText_closure1.call(VerifyElementTextKeyword.groovy)
	at com.kms.katalon.core.webui.keyword.internal.WebUIKeywordMain.runKeyword(WebUIKeywordMain.groovy:35)
	at com.kms.katalon.core.webui.keyword.builtin.VerifyElementTextKeyword.verifyElementText(VerifyElementTextKeyword.groovy:72)
	at com.kms.katalon.core.webui.keyword.builtin.VerifyElementTextKeyword.execute(VerifyElementTextKeyword.groovy:40)
	at com.kms.katalon.core.keyword.internal.KeywordExecutor.executeKeywordForPlatform(KeywordExecutor.groovy:64)
	at com.kms.katalon.core.webui.keyword.WebUiBuiltInKeywords.verifyElementText(WebUiBuiltInKeywords.groovy:4994)
	at TC TRF-02.run(TC TRF-02:59)
	at com.kms.katalon.core.main.ScriptEngine.run(ScriptEngine.java:194)
	at com.kms.katalon.core.main.ScriptEngine.runScriptAsRawText(ScriptEngine.java:119)
	at com.kms.katalon.core.main.TestCaseExecutor.runScript(TestCaseExecutor.java:485)
	at com.kms.katalon.core.main.TestCaseExecutor.doExecute(TestCaseExecutor.java:476)
	at com.kms.katalon.core.main.TestCaseExecutor.processExecutionPhase(TestCaseExecutor.java:455)
	at com.kms.katalon.core.main.TestCaseExecutor.accessMainPhase(TestCaseExecutor.java:447)
	at com.kms.katalon.core.main.TestCaseExecutor.execute(TestCaseExecutor.java:321)
	at com.kms.katalon.core.common.CommonExecutor.accessTestCaseMainPhase(CommonExecutor.java:71)
	at com.kms.katalon.core.main.TestSuiteExecutor.accessTestSuiteMainPhase(TestSuiteExecutor.java:160)
	at com.kms.katalon.core.main.TestSuiteExecutor.execute(TestSuiteExecutor.java:107)
	at com.kms.katalon.core.main.TestCaseMain.startTestSuite(TestCaseMain.java:195)
	at TempTestSuite1778664266342.run(TempTestSuite1778664266342.groovy:35)
	at java.base/jdk.internal.reflect.NativeMethodAccessorImpl.invoke0(Native Method)
	at java.base/jdk.internal.reflect.NativeMethodAccessorImpl.invoke(NativeMethodAccessorImpl.java:77)
	at java.base/jdk.internal.reflect.DelegatingMethodAccessorImpl.invoke(DelegatingMethodAccessorImpl.java:43)
)
[[ATTACHMENT|C:\\Users\\AVOWS\\git\\Katalon-Testing-web-automation\\Reports\\20260513_162426\\TS-Web_Regession\\20260513_162426\\1778664356862.png]]

13-05-2026T16:25:57 - [MESSAGE][FAILED] - Verify element text of test object 'Object Repository/Web/Transfer/lbl_failTransfer' FAILED. (Root cause: com.kms.katalon.core.exception.StepFailedException: Verify element text of test object 'Object Repository/Web/Transfer/lbl_failTransfer' FAILED.
	at com.kms.katalon.core.webui.keyword.internal.WebUIKeywordMain.stepFailed(WebUIKeywordMain.groovy:118)
	at com.kms.katalon.core.webui.keyword.internal.WebUIKeywordMain.runKeyword(WebUIKeywordMain.groovy:43)
	at com.kms.katalon.core.webui.keyword.builtin.VerifyElementTextKeyword.verifyElementText(VerifyElementTextKeyword.groovy:72)
	at com.kms.katalon.core.webui.keyword.builtin.VerifyElementTextKeyword.execute(VerifyElementTextKeyword.groovy:40)
	at com.kms.katalon.core.keyword.internal.KeywordExecutor.executeKeywordForPlatform(KeywordExecutor.groovy:64)
	at com.kms.katalon.core.webui.keyword.WebUiBuiltInKeywords.verifyElementText(WebUiBuiltInKeywords.groovy:4994)
	at TC TRF-02.run(TC TRF-02:59)
	at com.kms.katalon.core.main.ScriptEngine.run(ScriptEngine.java:194)
	at com.kms.katalon.core.main.ScriptEngine.runScriptAsRawText(ScriptEngine.java:119)
	at com.kms.katalon.core.main.TestCaseExecutor.runScript(TestCaseExecutor.java:485)
	at com.kms.katalon.core.main.TestCaseExecutor.doExecute(TestCaseExecutor.java:476)
	at com.kms.katalon.core.main.TestCaseExecutor.processExecutionPhase(TestCaseExecutor.java:455)
	at com.kms.katalon.core.main.TestCaseExecutor.accessMainPhase(TestCaseExecutor.java:447)
	at com.kms.katalon.core.main.TestCaseExecutor.execute(TestCaseExecutor.java:321)
	at com.kms.katalon.core.common.CommonExecutor.accessTestCaseMainPhase(CommonExecutor.java:71)
	at com.kms.katalon.core.main.TestSuiteExecutor.accessTestSuiteMainPhase(TestSuiteExecutor.java:160)
	at com.kms.katalon.core.main.TestSuiteExecutor.execute(TestSuiteExecutor.java:107)
	at com.kms.katalon.core.main.TestCaseMain.startTestSuite(TestCaseMain.java:195)
	at TempTestSuite1778664266342.run(TempTestSuite1778664266342.groovy:35)
	at java.base/jdk.internal.reflect.NativeMethodAccessorImpl.invoke0(Native Method)
	at java.base/jdk.internal.reflect.NativeMethodAccessorImpl.invoke(NativeMethodAccessorImpl.java:77)
	at java.base/jdk.internal.reflect.DelegatingMethodAccessorImpl.invoke(DelegatingMethodAccessorImpl.java:43)
Caused by: com.kms.katalon.core.exception.StepFailedException: Actual text 'Error!' and expected text 'The amount cannot be empty.' of test object 'Object Repository/Web/Transfer/lbl_failTransfer' are NOT matched.
	at com.kms.katalon.core.webui.keyword.internal.WebUIKeywordMain.stepFailed(WebUIKeywordMain.groovy:118)
	at com.kms.katalon.core.webui.keyword.builtin.VerifyElementTextKeyword$_verifyElementText_closure1.doCall(VerifyElementTextKeyword.groovy:57)
	at com.kms.katalon.core.webui.keyword.builtin.VerifyElementTextKeyword$_verifyElementText_closure1.call(VerifyElementTextKeyword.groovy)
	at com.kms.katalon.core.webui.keyword.internal.WebUIKeywordMain.runKeyword(WebUIKeywordMain.groovy:35)
	... 20 more
)
[[ATTACHMENT|C:\\Users\\AVOWS\\git\\Katalon-Testing-web-automation\\Reports\\20260513_162426\\TS-Web_Regession\\20260513_162426\\1778664356992.png]]]]></system-out>
         <system-err><![CDATA[13-05-2026T16:25:44 - [TEST_CASE][FAILED] - Test Cases/Web/Transfer Found/TC TRF-02: Test Cases/Web/Transfer Found/TC TRF-02 FAILED.
Reason:
com.kms.katalon.core.exception.StepFailedException: Verify element text of test object 'Object Repository/Web/Transfer/lbl_failTransfer' FAILED.
	at com.kms.katalon.core.webui.keyword.internal.WebUIKeywordMain.stepFailed(WebUIKeywordMain.groovy:118)
	at com.kms.katalon.core.webui.keyword.internal.WebUIKeywordMain.runKeyword(WebUIKeywordMain.groovy:43)
	at com.kms.katalon.core.webui.keyword.builtin.VerifyElementTextKeyword.verifyElementText(VerifyElementTextKeyword.groovy:72)
	at com.kms.katalon.core.webui.keyword.builtin.VerifyElementTextKeyword.execute(VerifyElementTextKeyword.groovy:40)
	at com.kms.katalon.core.keyword.internal.KeywordExecutor.executeKeywordForPlatform(KeywordExecutor.groovy:64)
	at com.kms.katalon.core.webui.keyword.WebUiBuiltInKeywords.verifyElementText(WebUiBuiltInKeywords.groovy:4994)
	at TC TRF-02.run(TC TRF-02:59)
	at com.kms.katalon.core.main.ScriptEngine.run(ScriptEngine.java:194)
	at com.kms.katalon.core.main.ScriptEngine.runScriptAsRawText(ScriptEngine.java:119)
	at com.kms.katalon.core.main.TestCaseExecutor.runScript(TestCaseExecutor.java:485)
	at com.kms.katalon.core.main.TestCaseExecutor.doExecute(TestCaseExecutor.java:476)
	at com.kms.katalon.core.main.TestCaseExecutor.processExecutionPhase(TestCaseExecutor.java:455)
	at com.kms.katalon.core.main.TestCaseExecutor.accessMainPhase(TestCaseExecutor.java:447)
	at com.kms.katalon.core.main.TestCaseExecutor.execute(TestCaseExecutor.java:321)
	at com.kms.katalon.core.common.CommonExecutor.accessTestCaseMainPhase(CommonExecutor.java:71)
	at com.kms.katalon.core.main.TestSuiteExecutor.accessTestSuiteMainPhase(TestSuiteExecutor.java:160)
	at com.kms.katalon.core.main.TestSuiteExecutor.execute(TestSuiteExecutor.java:107)
	at com.kms.katalon.core.main.TestCaseMain.startTestSuite(TestCaseMain.java:195)
	at TempTestSuite1778664266342.run(TempTestSuite1778664266342.groovy:35)
	at java.base/jdk.internal.reflect.NativeMethodAccessorImpl.invoke0(Native Method)
	at java.base/jdk.internal.reflect.NativeMethodAccessorImpl.invoke(NativeMethodAccessorImpl.java:77)
	at java.base/jdk.internal.reflect.DelegatingMethodAccessorImpl.invoke(DelegatingMethodAccessorImpl.java:43)
Caused by: com.kms.katalon.core.exception.StepFailedException: Actual text 'Error!' and expected text 'The amount cannot be empty.' of test object 'Object Repository/Web/Transfer/lbl_failTransfer' are NOT matched.
	at com.kms.katalon.core.webui.keyword.internal.WebUIKeywordMain.stepFailed(WebUIKeywordMain.groovy:118)
	at com.kms.katalon.core.webui.keyword.builtin.VerifyElementTextKeyword$_verifyElementText_closure1.doCall(VerifyElementTextKeyword.groovy:57)
	at com.kms.katalon.core.webui.keyword.builtin.VerifyElementTextKeyword$_verifyElementText_closure1.call(VerifyElementTextKeyword.groovy)
	at com.kms.katalon.core.webui.keyword.internal.WebUIKeywordMain.runKeyword(WebUIKeywordMain.groovy:35)
	... 20 more]]></system-err>
      </testcase>
      <testcase name="Test Cases/Web/Loan/TC-Loan_01-Request Loan" time="11.806" classname="Test Cases/Web/Loan/TC-Loan_01-Request Loan" status="PASSED">
         <system-out><![CDATA[13-05-2026T16:25:57 - [TEST_CASE][PASSED] - Test Cases/Web/Loan/TC-Loan_01-Request Loan: Test Cases/Web/Loan/TC-Loan_01-Request Loan

13-05-2026T16:25:57 - [TEST_STEP][PASSED] - common.WebHelper.login("Haryadi01", "qwerty123"): common.WebHelper.login is PASSED

13-05-2026T16:25:57 - [MESSAGE][WARNING] - A browser is already opened. Closing browser and opening a new one

13-05-2026T16:25:57 - [MESSAGE][INFO] - Starting 'Chrome' driver

13-05-2026T16:25:57 - [MESSAGE][INFO] - Action delay is set to 0 milliseconds

13-05-2026T16:26:01 - [MESSAGE][PASSED] - Browser is opened with url: 'https://parabank.parasoft.com'

13-05-2026T16:26:01 - [MESSAGE][PASSED] - Text 'Haryadi01' is set on object 'Object Repository/Web/Login/txt_username'

13-05-2026T16:26:02 - [MESSAGE][PASSED] - Text 'qwerty123' is set on object 'Object Repository/Web/Login/txt_password'

13-05-2026T16:26:03 - [MESSAGE][PASSED] - Object: 'Object Repository/Web/Login/btn_login' is clicked on

13-05-2026T16:26:03 - [MESSAGE][PASSED] - common.WebHelper.login is PASSED

13-05-2026T16:26:03 - [TEST_STEP][PASSED] - click(findTestObject("Web/Home/link_loan")): Object: 'Object Repository/Web/Home/link_loan' is clicked on

13-05-2026T16:26:04 - [MESSAGE][PASSED] - Object: 'Object Repository/Web/Home/link_loan' is clicked on

13-05-2026T16:26:04 - [TEST_STEP][PASSED] - driver = getWebDriver(): null

13-05-2026T16:26:04 - [TEST_STEP][PASSED] - selectElement = new org.openqa.selenium.support.ui.Select(driver.findElement(org.openqa.selenium.By.cssSelector(#fromAccountId))): null

13-05-2026T16:26:04 - [TEST_STEP][PASSED] - setText(findTestObject("Web/Loan/txt_loanAmount"), "300"): Text '300' is set on object 'Object Repository/Web/Loan/txt_loanAmount'

13-05-2026T16:26:05 - [MESSAGE][PASSED] - Text '300' is set on object 'Object Repository/Web/Loan/txt_loanAmount'

13-05-2026T16:26:05 - [TEST_STEP][PASSED] - setText(findTestObject("Web/Loan/txt_downPayment"), "150"): Text '150' is set on object 'Object Repository/Web/Loan/txt_downPayment'

13-05-2026T16:26:06 - [MESSAGE][PASSED] - Text '150' is set on object 'Object Repository/Web/Loan/txt_downPayment'

13-05-2026T16:26:06 - [TEST_STEP][PASSED] - options = selectElement.getOptions(): null

13-05-2026T16:26:06 - [TEST_STEP][PASSED] - options.each({ java.lang.Object option -> ... }): null

13-05-2026T16:26:06 - [TEST_STEP][PASSED] - firstValue = get(0).getAttribute("value"): null

13-05-2026T16:26:06 - [TEST_STEP][PASSED] - selectElement.selectByValue(firstValue): null

13-05-2026T16:26:06 - [TEST_STEP][PASSED] - click(findTestObject("Web/Loan/btn_submit")): Object: 'Object Repository/Web/Loan/btn_submit' is clicked on

13-05-2026T16:26:07 - [MESSAGE][PASSED] - Object: 'Object Repository/Web/Loan/btn_submit' is clicked on

13-05-2026T16:26:07 - [TEST_STEP][PASSED] - waitForElementPresent(findTestObject("Web/Loan/lbl_statusLoan"), 5): Object 'Object Repository/Web/Loan/lbl_statusLoan' is present

13-05-2026T16:26:07 - [MESSAGE][PASSED] - Object 'Object Repository/Web/Loan/lbl_statusLoan' is present

13-05-2026T16:26:07 - [TEST_STEP][PASSED] - verifyElementText(findTestObject("Web/Loan/lbl_statusLoan"), "Approved"): Actual text and expected text of test object 'Object Repository/Web/Loan/lbl_statusLoan' are matched.

13-05-2026T16:26:08 - [MESSAGE][PASSED] - Actual text and expected text of test object 'Object Repository/Web/Loan/lbl_statusLoan' are matched.

13-05-2026T16:26:08 - [TEST_STEP][PASSED] - takeScreenshot(screenshotPath + "TC-01-getLoan.png"): Taking screenshot successfully

13-05-2026T16:26:08 - [MESSAGE][PASSED] - Taking screenshot successfully
[[ATTACHMENT|C:\Users\AVOWS\git\Katalon-Testing-web-automation\screenshot\TC-01-getLoan.png]]

13-05-2026T16:26:08 - [TEST_STEP][PASSED] - closeBrowser(): Browser is closed

13-05-2026T16:26:08 - [MESSAGE][PASSED] - Browser is closed

13-05-2026T16:26:08 - [TEST_STEP][PASSED] - println("TC-loan-01 Request loan Pass -Berhasil request loan"): null]]></system-out>
         <system-err><![CDATA[]]></system-err>
      </testcase>
      <testcase name="Test Cases/Web/FindTransfer/TC-FTR_01 ByAmount" time="11.335" classname="Test Cases/Web/FindTransfer/TC-FTR_01 ByAmount" status="PASSED">
         <system-out><![CDATA[13-05-2026T16:26:08 - [TEST_CASE][PASSED] - Test Cases/Web/FindTransfer/TC-FTR_01 ByAmount: Test Cases/Web/FindTransfer/TC-FTR_01 ByAmount

13-05-2026T16:26:09 - [TEST_STEP][PASSED] - common.WebHelper.login("Haryadi01", "qwerty123"): common.WebHelper.login is PASSED

13-05-2026T16:26:09 - [MESSAGE][INFO] - Starting 'Chrome' driver

13-05-2026T16:26:09 - [MESSAGE][INFO] - Action delay is set to 0 milliseconds

13-05-2026T16:26:13 - [MESSAGE][PASSED] - Browser is opened with url: 'https://parabank.parasoft.com'

13-05-2026T16:26:13 - [MESSAGE][PASSED] - Text 'Haryadi01' is set on object 'Object Repository/Web/Login/txt_username'

13-05-2026T16:26:14 - [MESSAGE][PASSED] - Text 'qwerty123' is set on object 'Object Repository/Web/Login/txt_password'

13-05-2026T16:26:15 - [MESSAGE][PASSED] - Object: 'Object Repository/Web/Login/btn_login' is clicked on

13-05-2026T16:26:15 - [MESSAGE][PASSED] - common.WebHelper.login is PASSED

13-05-2026T16:26:15 - [TEST_STEP][PASSED] - click(findTestObject("Web/Home/link_findTransfer")): Object: 'Object Repository/Web/Home/link_findTransfer' is clicked on

13-05-2026T16:26:16 - [MESSAGE][PASSED] - Object: 'Object Repository/Web/Home/link_findTransfer' is clicked on

13-05-2026T16:26:16 - [TEST_STEP][PASSED] - driver = getWebDriver(): null

13-05-2026T16:26:16 - [TEST_STEP][PASSED] - selectElement = new org.openqa.selenium.support.ui.Select(driver.findElement(org.openqa.selenium.By.cssSelector(#accountId))): null

13-05-2026T16:26:16 - [TEST_STEP][PASSED] - options = selectElement.getOptions(): null

13-05-2026T16:26:17 - [TEST_STEP][PASSED] - options.each({ java.lang.Object option -> ... }): null

13-05-2026T16:26:17 - [TEST_STEP][PASSED] - firstValue = get(0).getAttribute("value"): null

13-05-2026T16:26:17 - [TEST_STEP][PASSED] - selectElement.selectByValue(firstValue): null

13-05-2026T16:26:17 - [TEST_STEP][PASSED] - setText(findTestObject("Web/FindTransf/txt_amount"), "150"): Text '150' is set on object 'Object Repository/Web/FindTransf/txt_amount'

13-05-2026T16:26:18 - [MESSAGE][PASSED] - Text '150' is set on object 'Object Repository/Web/FindTransf/txt_amount'

13-05-2026T16:26:18 - [TEST_STEP][PASSED] - click(findTestObject("Web/FindTransf/btn_findByAmount")): Object: 'Object Repository/Web/FindTransf/btn_findByAmount' is clicked on

13-05-2026T16:26:18 - [MESSAGE][PASSED] - Object: 'Object Repository/Web/FindTransf/btn_findByAmount' is clicked on

13-05-2026T16:26:18 - [TEST_STEP][PASSED] - waitForElementPresent(findTestObject("Web/FindTransf/tbl_result"), 5): Object 'Object Repository/Web/FindTransf/tbl_result' is present

13-05-2026T16:26:19 - [MESSAGE][PASSED] - Object 'Object Repository/Web/FindTransf/tbl_result' is present

13-05-2026T16:26:19 - [TEST_STEP][PASSED] - verifyElementPresent(findTestObject("Web/FindTransf/tbl_firstRow"), 5): Object 'Object Repository/Web/FindTransf/tbl_firstRow' is present

13-05-2026T16:26:19 - [MESSAGE][PASSED] - Object 'Object Repository/Web/FindTransf/tbl_firstRow' is present

13-05-2026T16:26:19 - [TEST_STEP][PASSED] - takeScreenshot(screenshotPath + "TC - FTR By Amount.png"): Taking screenshot successfully

13-05-2026T16:26:19 - [MESSAGE][PASSED] - Taking screenshot successfully
[[ATTACHMENT|C:\Users\AVOWS\git\Katalon-Testing-web-automation\screenshot\TC - FTR By Amount.png]]

13-05-2026T16:26:19 - [TEST_STEP][PASSED] - closeBrowser(): Browser is closed

13-05-2026T16:26:20 - [MESSAGE][PASSED] - Browser is closed

13-05-2026T16:26:20 - [TEST_STEP][PASSED] - println("TC-FTR-01 ByAmount Pass - Mencari transaksi menggunakan amount berhasil"): null]]></system-out>
         <system-err><![CDATA[]]></system-err>
      </testcase>
      <testcase name="Test Cases/Web/FindTransfer/TC-FTR_02 ByDate" time="11.228" classname="Test Cases/Web/FindTransfer/TC-FTR_02 ByDate" status="PASSED">
         <system-out><![CDATA[13-05-2026T16:26:20 - [TEST_CASE][PASSED] - Test Cases/Web/FindTransfer/TC-FTR_02 ByDate: Test Cases/Web/FindTransfer/TC-FTR_02 ByDate

13-05-2026T16:26:20 - [TEST_STEP][PASSED] - common.WebHelper.login("Haryadi01", "qwerty123"): common.WebHelper.login is PASSED

13-05-2026T16:26:20 - [MESSAGE][INFO] - Starting 'Chrome' driver

13-05-2026T16:26:20 - [MESSAGE][INFO] - Action delay is set to 0 milliseconds

13-05-2026T16:26:23 - [MESSAGE][PASSED] - Browser is opened with url: 'https://parabank.parasoft.com'

13-05-2026T16:26:24 - [MESSAGE][PASSED] - Text 'Haryadi01' is set on object 'Object Repository/Web/Login/txt_username'

13-05-2026T16:26:25 - [MESSAGE][PASSED] - Text 'qwerty123' is set on object 'Object Repository/Web/Login/txt_password'

13-05-2026T16:26:26 - [MESSAGE][PASSED] - Object: 'Object Repository/Web/Login/btn_login' is clicked on

13-05-2026T16:26:26 - [MESSAGE][PASSED] - common.WebHelper.login is PASSED

13-05-2026T16:26:26 - [TEST_STEP][PASSED] - click(findTestObject("Web/Home/link_findTransfer")): Object: 'Object Repository/Web/Home/link_findTransfer' is clicked on

13-05-2026T16:26:27 - [MESSAGE][PASSED] - Object: 'Object Repository/Web/Home/link_findTransfer' is clicked on

13-05-2026T16:26:27 - [TEST_STEP][PASSED] - driver = getWebDriver(): null

13-05-2026T16:26:27 - [TEST_STEP][PASSED] - selectElement = new org.openqa.selenium.support.ui.Select(driver.findElement(org.openqa.selenium.By.cssSelector(#accountId))): null

13-05-2026T16:26:27 - [TEST_STEP][PASSED] - options = selectElement.getOptions(): null

13-05-2026T16:26:27 - [TEST_STEP][PASSED] - options.each({ java.lang.Object option -> ... }): null

13-05-2026T16:26:27 - [TEST_STEP][PASSED] - firstValue = get(0).getAttribute("value"): null

13-05-2026T16:26:27 - [TEST_STEP][PASSED] - selectElement.selectByValue(firstValue): null

13-05-2026T16:26:28 - [TEST_STEP][PASSED] - currentDate = common.WebHelper.getCurrentDate(): common.WebHelper.getCurrentDate is PASSED

13-05-2026T16:26:28 - [MESSAGE][PASSED] - common.WebHelper.getCurrentDate is PASSED

13-05-2026T16:26:28 - [TEST_STEP][PASSED] - setText(findTestObject("Web/FindTransf/txt_fromDate"), currentDate): Text '05-13-2026' is set on object 'Object Repository/Web/FindTransf/txt_fromDate'

13-05-2026T16:26:28 - [MESSAGE][PASSED] - Text '05-13-2026' is set on object 'Object Repository/Web/FindTransf/txt_fromDate'

13-05-2026T16:26:28 - [TEST_STEP][PASSED] - setText(findTestObject("Web/FindTransf/txt_toDate"), currentDate): Text '05-13-2026' is set on object 'Object Repository/Web/FindTransf/txt_toDate'

13-05-2026T16:26:29 - [MESSAGE][PASSED] - Text '05-13-2026' is set on object 'Object Repository/Web/FindTransf/txt_toDate'

13-05-2026T16:26:29 - [TEST_STEP][PASSED] - click(findTestObject("Web/FindTransf/btn_findByDateRange")): Object: 'Object Repository/Web/FindTransf/btn_findByDateRange' is clicked on

13-05-2026T16:26:29 - [MESSAGE][PASSED] - Object: 'Object Repository/Web/FindTransf/btn_findByDateRange' is clicked on

13-05-2026T16:26:29 - [TEST_STEP][PASSED] - waitForElementPresent(findTestObject("Web/FindTransf/tbl_result"), 5): Object 'Object Repository/Web/FindTransf/tbl_result' is present

13-05-2026T16:26:30 - [MESSAGE][PASSED] - Object 'Object Repository/Web/FindTransf/tbl_result' is present

13-05-2026T16:26:30 - [TEST_STEP][PASSED] - verifyElementPresent(findTestObject("Web/FindTransf/tbl_firstRow"), 5): Object 'Object Repository/Web/FindTransf/tbl_firstRow' is present

13-05-2026T16:26:30 - [MESSAGE][PASSED] - Object 'Object Repository/Web/FindTransf/tbl_firstRow' is present

13-05-2026T16:26:30 - [TEST_STEP][PASSED] - takeScreenshot(screenshotPath + "TC-FindByDate Success.png"): Taking screenshot successfully

13-05-2026T16:26:31 - [MESSAGE][PASSED] - Taking screenshot successfully
[[ATTACHMENT|C:\Users\AVOWS\git\Katalon-Testing-web-automation\screenshot\TC-FindByDate Success.png]]

13-05-2026T16:26:31 - [TEST_STEP][PASSED] - closeBrowser(): Browser is closed

13-05-2026T16:26:31 - [MESSAGE][PASSED] - Browser is closed

13-05-2026T16:26:31 - [TEST_STEP][PASSED] - println("TC-FTR-01 ByAmount Pass - Mencari transaksi menggunakan amount berhasil"): null]]></system-out>
         <system-err><![CDATA[]]></system-err>
      </testcase>
      <system-out><![CDATA[13-05-2026T16:24:32 - [TEST_SUITE][FAILED] - TS-Web_Regession: null]]></system-out>
      <system-err><![CDATA[13-05-2026T16:24:32 - [TEST_SUITE][FAILED] - TS-Web_Regession: null]]></system-err>
   </testsuite>
</testsuites>
